{
  "RSpec": {
    "coverage": {
      "/home/developer/rental-property/spec/support/factory_bot.rb": {
        "lines": [
          1,
          1,
          null
        ]
      },
      "/home/developer/rental-property/app/controllers/admins_controller.rb": {
        "lines": [
          1,
          1,
          1,
          null,
          null,
          1,
          1,
          null,
          null
        ]
      },
      "/home/developer/rental-property/app/controllers/application_controller.rb": {
        "lines": [
          1,
          1,
          1,
          null,
          1,
          6,
          2,
          4,
          2,
          2,
          2,
          null,
          null,
          null,
          1,
          1,
          null,
          null,
          1,
          2,
          null,
          null,
          1,
          null,
          1,
          13,
          12,
          null,
          null
        ]
      },
      "/home/developer/rental-property/spec/controllers/application_controller_spec.rb": {
        "lines": [
          1,
          null,
          1,
          6,
          1,
          5,
          5,
          null,
          null,
          1,
          1,
          1,
          1,
          null,
          null,
          1,
          null,
          1,
          null,
          null,
          null,
          1,
          1,
          1,
          1,
          1,
          null,
          1,
          1,
          1,
          1,
          null,
          1,
          1,
          1,
          1,
          null,
          null,
          null
        ]
      },
      "/home/developer/rental-property/spec/controllers/post_controller_spec.rb": {
        "lines": [
          1,
          null,
          1,
          8,
          1,
          7,
          7,
          null,
          null,
          1,
          1,
          1,
          1,
          1,
          null,
          null,
          1,
          1,
          1,
          null,
          null,
          null,
          1,
          1,
          1,
          1,
          null,
          null,
          1,
          1,
          1,
          null,
          null,
          null,
          1,
          1,
          1,
          1,
          null,
          null,
          null,
          1,
          null,
          1,
          1,
          null,
          null,
          1,
          1,
          1,
          null,
          1,
          1,
          null,
          null,
          null,
          null,
          1,
          1,
          1,
          1,
          1,
          null,
          null,
          1,
          null,
          1,
          null,
          null,
          null,
          null,
          null,
          null,
          null
        ]
      },
      "/home/developer/rental-property/app/controllers/posts_controller.rb": {
        "lines": [
          1,
          null,
          1,
          null,
          1,
          null,
          2,
          null,
          null,
          null,
          null,
          1,
          null,
          null,
          null,
          1,
          2,
          null,
          null,
          1,
          3,
          3,
          3,
          2,
          null,
          null,
          1,
          null,
          null,
          null,
          1,
          null,
          null,
          1,
          0,
          0,
          0,
          null,
          0,
          null,
          null,
          null,
          1,
          0,
          0,
          0,
          null,
          0,
          null,
          null,
          null,
          1,
          3,
          null,
          null,
          1,
          0,
          null,
          null,
          null,
          1,
          0,
          null,
          null,
          1,
          0,
          0,
          0,
          null,
          null,
          1,
          0,
          0,
          0,
          null,
          null,
          null,
          1,
          null,
          1,
          1,
          null,
          null,
          1,
          3,
          null,
          null
        ]
      },
      "/home/developer/rental-property/spec/featuers/user_login_spec.rb": {
        "lines": [
          1,
          null,
          1,
          1,
          1,
          1,
          1,
          1,
          1,
          null,
          null,
          1,
          1,
          1,
          1,
          1,
          1,
          1,
          1,
          1,
          1,
          null,
          null,
          null,
          null,
          1,
          1,
          1,
          null,
          null,
          1,
          1,
          1,
          null,
          null,
          1,
          1,
          null,
          null,
          1,
          1,
          null,
          null,
          1,
          1,
          null,
          null,
          1,
          1,
          null,
          null,
          null,
          null
        ]
      },
      "/home/developer/rental-property/spec/models/user_spec.rb": {
        "lines": [
          1,
          null,
          1,
          1,
          8,
          1,
          1,
          null,
          1,
          1,
          1,
          null,
          1,
          1,
          1,
          null,
          1,
          1,
          1,
          null,
          1,
          1,
          1,
          null,
          1,
          1,
          1,
          null,
          1,
          1,
          1,
          1,
          null,
          null,
          1,
          2,
          1,
          1,
          1,
          1,
          1,
          1,
          null,
          null,
          null,
          1,
          2,
          1,
          1,
          4,
          null,
          null,
          1,
          2,
          1,
          1,
          null,
          null,
          1,
          2,
          1,
          1,
          null,
          null,
          1,
          2,
          1,
          1,
          null,
          null,
          null
        ]
      },
      "/home/developer/rental-property/app/models/post.rb": {
        "lines": [
          1,
          1,
          1,
          null,
          1,
          null,
          1,
          1,
          1,
          1,
          1,
          1,
          1,
          1,
          null
        ]
      }
    },
    "timestamp": 1665757039
  }
}
