{
  "RSpec": {
    "coverage": {
      "/home/developer/Rental-property/app/controllers/application_controller.rb": {
        "lines": [
          1,
          1,
          1,
          null,
          1,
          0,
          0,
          0,
          0,
          0,
          0,
          null,
          null,
          null,
          1,
          0,
          null,
          null,
          1,
          0,
          null,
          null,
          1,
          null,
          1,
          5,
          null,
          5,
          null,
          null
        ]
      }
    },
    "timestamp": 1665378539
  }
}
